<?xml version="1.0" encoding="UTF-8"?>
<testsuite name="com.mapvine.stocks.model.StockTest" tests="5" skipped="0" failures="0" errors="0" timestamp="2016-08-02T19:20:50" hostname="Crystals-MacBook-Pro-2.local" time="0.012">
  <properties/>
  <testcase name="testInvalidNumberForStringConstructor" classname="com.mapvine.stocks.model.StockTest" time="0.008"/>
  <testcase name="testInvalidTicker" classname="com.mapvine.stocks.model.StockTest" time="0.002"/>
  <testcase name="testInvalidPrice" classname="com.mapvine.stocks.model.StockTest" time="0.0"/>
  <testcase name="testHappyPathConstructor" classname="com.mapvine.stocks.model.StockTest" time="0.001"/>
  <testcase name="testInvalidTickerDescription" classname="com.mapvine.stocks.model.StockTest" time="0.0"/>
  <system-out><![CDATA[]]></system-out>
  <system-err><![CDATA[]]></system-err>
</testsuite>
